2013-11-13 13:32:12.885+0000 INFO  [o.n.k.i.DiagnosticsManager]: --- INITIALIZED diagnostics START ---
2013-11-13 13:32:12.890+0000 INFO  [o.n.k.i.DiagnosticsManager]: Neo4j Kernel properties:
2013-11-13 13:32:12.894+0000 INFO  [o.n.k.i.DiagnosticsManager]: neostore.propertystore.db.mapped_memory=375M
2013-11-13 13:32:12.894+0000 INFO  [o.n.k.i.DiagnosticsManager]: neostore.nodestore.db.mapped_memory=104M
2013-11-13 13:32:12.894+0000 INFO  [o.n.k.i.DiagnosticsManager]: ha.pull_interval=500ms
2013-11-13 13:32:12.894+0000 INFO  [o.n.k.i.DiagnosticsManager]: identity_map=true
2013-11-13 13:32:12.894+0000 INFO  [o.n.k.i.DiagnosticsManager]: timestamps=true
2013-11-13 13:32:12.894+0000 INFO  [o.n.k.i.DiagnosticsManager]: ha.discovery.enabled=false
2013-11-13 13:32:12.894+0000 INFO  [o.n.k.i.DiagnosticsManager]: neostore.relationshipstore.db.mapped_memory=459M
2013-11-13 13:32:12.894+0000 INFO  [o.n.k.i.DiagnosticsManager]: neostore.propertystore.db.strings.mapped_memory=318M
2013-11-13 13:32:12.894+0000 INFO  [o.n.k.i.DiagnosticsManager]: store_dir=/Users/chrisfitzpatrick/Desktop/neo4j/myapp/db/ha_neo_1
2013-11-13 13:32:12.895+0000 INFO  [o.n.k.i.DiagnosticsManager]: online_backup_enabled=false
2013-11-13 13:32:12.895+0000 INFO  [o.n.k.i.DiagnosticsManager]: ha.initial_hosts=localhost:5001,localhost:5002,localhost:5003
2013-11-13 13:32:12.895+0000 INFO  [o.n.k.i.DiagnosticsManager]: neostore.propertystore.db.arrays.mapped_memory=361M
2013-11-13 13:32:12.895+0000 INFO  [o.n.k.i.DiagnosticsManager]: ha.cluster_server=localhost:5001
2013-11-13 13:32:12.895+0000 INFO  [o.n.k.i.DiagnosticsManager]: migration_thread=false
2013-11-13 13:32:12.895+0000 INFO  [o.n.k.i.DiagnosticsManager]: enable_rules=true
2013-11-13 13:32:12.895+0000 INFO  [o.n.k.i.DiagnosticsManager]: ha.server_id=1
2013-11-13 13:32:12.895+0000 INFO  [o.n.k.i.DiagnosticsManager]: ha.server=localhost:6001
2013-11-13 13:32:12.895+0000 INFO  [o.n.k.i.DiagnosticsManager]: storage_path=/Users/chrisfitzpatrick/Desktop/neo4j/myapp/db/ha_neo_1
2013-11-13 13:32:12.895+0000 INFO  [o.n.k.i.DiagnosticsManager]: enable_ha=true
2013-11-13 13:32:12.895+0000 INFO  [o.n.k.i.DiagnosticsManager]: ephemeral=false
2013-11-13 13:32:12.898+0000 INFO  [o.n.k.i.DiagnosticsManager]: Diagnostics providers:
2013-11-13 13:32:12.899+0000 INFO  [o.n.k.i.DiagnosticsManager]: org.neo4j.kernel.configuration.Config
2013-11-13 13:32:12.899+0000 INFO  [o.n.k.i.DiagnosticsManager]: org.neo4j.kernel.info.DiagnosticsManager
2013-11-13 13:32:12.899+0000 INFO  [o.n.k.i.DiagnosticsManager]: SYSTEM_MEMORY
2013-11-13 13:32:12.899+0000 INFO  [o.n.k.i.DiagnosticsManager]: JAVA_MEMORY
2013-11-13 13:32:12.899+0000 INFO  [o.n.k.i.DiagnosticsManager]: OPERATING_SYSTEM
2013-11-13 13:32:12.899+0000 INFO  [o.n.k.i.DiagnosticsManager]: JAVA_VIRTUAL_MACHINE
2013-11-13 13:32:12.899+0000 INFO  [o.n.k.i.DiagnosticsManager]: CLASSPATH
2013-11-13 13:32:12.899+0000 INFO  [o.n.k.i.DiagnosticsManager]: LIBRARY_PATH
2013-11-13 13:32:12.899+0000 INFO  [o.n.k.i.DiagnosticsManager]: SYSTEM_PROPERTIES
2013-11-13 13:32:12.899+0000 INFO  [o.n.k.i.DiagnosticsManager]: NETWORK
2013-11-13 13:32:12.899+0000 INFO  [o.n.k.i.DiagnosticsManager]: NodeCache
2013-11-13 13:32:12.899+0000 INFO  [o.n.k.i.DiagnosticsManager]: RelationshipCache
2013-11-13 13:32:12.899+0000 INFO  [o.n.k.i.DiagnosticsManager]: HighAvailabilityDiagnostics
2013-11-13 13:32:12.900+0000 INFO  [o.n.k.i.DiagnosticsManager]: System memory information:
2013-11-13 13:32:12.906+0000 INFO  [o.n.k.i.DiagnosticsManager]: Total Physical memory: 4.00 GB
2013-11-13 13:32:12.907+0000 INFO  [o.n.k.i.DiagnosticsManager]: Free Physical memory: 132.99 MB
2013-11-13 13:32:12.908+0000 INFO  [o.n.k.i.DiagnosticsManager]: Committed virtual memory: 3.14 GB
2013-11-13 13:32:12.909+0000 INFO  [o.n.k.i.DiagnosticsManager]: Total swap space: 1.00 GB
2013-11-13 13:32:12.910+0000 INFO  [o.n.k.i.DiagnosticsManager]: Free swap space: 1.00 GB
2013-11-13 13:32:12.911+0000 INFO  [o.n.k.i.DiagnosticsManager]: JVM memory information:
2013-11-13 13:32:12.911+0000 INFO  [o.n.k.i.DiagnosticsManager]: Free  memory: 12.88 MB
2013-11-13 13:32:12.911+0000 INFO  [o.n.k.i.DiagnosticsManager]: Total memory: 81.06 MB
2013-11-13 13:32:12.911+0000 INFO  [o.n.k.i.DiagnosticsManager]: Max   memory: 493.75 MB
2013-11-13 13:32:12.918+0000 INFO  [o.n.k.i.DiagnosticsManager]: Garbage Collector: ParNew: [Par Eden Space, Par Survivor Space]
2013-11-13 13:32:12.918+0000 INFO  [o.n.k.i.DiagnosticsManager]: Garbage Collector: ConcurrentMarkSweep: [Par Eden Space, Par Survivor Space, CMS Old Gen, CMS Perm Gen]
2013-11-13 13:32:12.920+0000 INFO  [o.n.k.i.DiagnosticsManager]: Memory Pool: Code Cache (Non-heap memory): committed=4.32 MB, used=4.24 MB, max=48.00 MB, threshold=0.00 B
2013-11-13 13:32:12.921+0000 INFO  [o.n.k.i.DiagnosticsManager]: Memory Pool: Par Eden Space (Heap memory): committed=16.63 MB, used=12.94 MB, max=50.00 MB, threshold=?
2013-11-13 13:32:12.921+0000 INFO  [o.n.k.i.DiagnosticsManager]: Memory Pool: Par Survivor Space (Heap memory): committed=2.06 MB, used=992.93 kB, max=6.25 MB, threshold=?
2013-11-13 13:32:12.921+0000 INFO  [o.n.k.i.DiagnosticsManager]: Memory Pool: CMS Old Gen (Heap memory): committed=62.38 MB, used=54.26 MB, max=437.50 MB, threshold=0.00 B
2013-11-13 13:32:12.922+0000 INFO  [o.n.k.i.DiagnosticsManager]: Memory Pool: CMS Perm Gen (Non-heap memory): committed=63.91 MB, used=47.21 MB, max=82.00 MB, threshold=0.00 B
2013-11-13 13:32:12.922+0000 INFO  [o.n.k.i.DiagnosticsManager]: Operating system information:
2013-11-13 13:32:12.924+0000 INFO  [o.n.k.i.DiagnosticsManager]: Operating System: Mac OS X; version: 10.9; arch: x86_64; cpus: 4
2013-11-13 13:32:12.925+0000 INFO  [o.n.k.i.DiagnosticsManager]: Max number of file descriptors: 10240
2013-11-13 13:32:12.926+0000 INFO  [o.n.k.i.DiagnosticsManager]: Number of open file descriptors: 119
2013-11-13 13:32:12.927+0000 INFO  [o.n.k.i.DiagnosticsManager]: Process id: 1369@chrisfitzpatricks-MacBook-Air.local
2013-11-13 13:32:12.927+0000 INFO  [o.n.k.i.DiagnosticsManager]: Byte order: LITTLE_ENDIAN
2013-11-13 13:32:12.927+0000 INFO  [o.n.k.i.DiagnosticsManager]: Local timezone: Europe/Stockholm
2013-11-13 13:32:12.927+0000 INFO  [o.n.k.i.DiagnosticsManager]: JVM information:
2013-11-13 13:32:12.927+0000 INFO  [o.n.k.i.DiagnosticsManager]: VM Name: Java HotSpot(TM) 64-Bit Server VM
2013-11-13 13:32:12.927+0000 INFO  [o.n.k.i.DiagnosticsManager]: VM Vendor: Apple Inc.
2013-11-13 13:32:12.927+0000 INFO  [o.n.k.i.DiagnosticsManager]: VM Version: 20.65-b04-462
2013-11-13 13:32:12.928+0000 INFO  [o.n.k.i.DiagnosticsManager]: JIT compiler: HotSpot 64-Bit Tiered Compilers
2013-11-13 13:32:12.929+0000 INFO  [o.n.k.i.DiagnosticsManager]: VM Arguments: [-Xmx500m, -Xss2048k, -Djffi.boot.library.path=/Users/chrisfitzpatrick/.rubies/jruby-1.7.4/lib/native/Darwin, -Dfile.encoding=UTF-8, -Xbootclasspath/a:/Users/chrisfitzpatrick/.rubies/jruby-1.7.4/lib/jruby.jar, -Djruby.home=/Users/chrisfitzpatrick/.rubies/jruby-1.7.4, -Djruby.lib=/Users/chrisfitzpatrick/.rubies/jruby-1.7.4/lib, -Djruby.script=jruby, -Djruby.shell=/bin/sh]
2013-11-13 13:32:12.929+0000 INFO  [o.n.k.i.DiagnosticsManager]: Java classpath:
2013-11-13 13:32:12.933+0000 INFO  [o.n.k.i.DiagnosticsManager]:  [bootstrap] /System/Library/Java/JavaVirtualMachines/1.6.0.jdk/Contents/Classes/charsets.jar
2013-11-13 13:32:12.933+0000 INFO  [o.n.k.i.DiagnosticsManager]:  [loader.0] file:/Users/chrisfitzpatrick/.gem/jruby/1.9.3/gems/neo4j-enterprise-1.9-java/lib/neo4j-enterprise/jars/neo4j-udc-1.9.jar
2013-11-13 13:32:12.933+0000 INFO  [o.n.k.i.DiagnosticsManager]:  [loader.0] file:/Users/chrisfitzpatrick/.gem/jruby/1.9.3/gems/torquebox-naming-3.0.0-java/lib/jboss-sasl-1.0.3.Final.jar
2013-11-13 13:32:12.933+0000 INFO  [o.n.k.i.DiagnosticsManager]:  [loader.0] file:/Users/chrisfitzpatrick/.gem/jruby/1.9.3/gems/neo4j-community-1.9-java/lib/neo4j-community/jars/neo4j-kernel-1.9.jar
2013-11-13 13:32:12.933+0000 INFO  [o.n.k.i.DiagnosticsManager]:  [loader.2] file:/System/Library/Java/Extensions/dns_sd.jar
2013-11-13 13:32:12.933+0000 INFO  [o.n.k.i.DiagnosticsManager]:  [bootstrap] /System/Library/Frameworks/JavaVM.framework/Versions/A/Frameworks/JavaRuntimeSupport.framework/Versions/A/Resources/Java/JavaRuntimeSupport.jar
2013-11-13 13:32:12.933+0000 INFO  [o.n.k.i.DiagnosticsManager]:  [loader.0] file:/Users/chrisfitzpatrick/.rubies/jruby-1.7.4/lib/ruby/shared/bcpkix-jdk15on-147.jar
2013-11-13 13:32:12.933+0000 INFO  [o.n.k.i.DiagnosticsManager]:  [loader.0] file:/Users/chrisfitzpatrick/.gem/jruby/1.9.3/gems/neo4j-community-1.9-java/lib/neo4j-community/jars/neo4j-udc-1.9.jar
2013-11-13 13:32:12.933+0000 INFO  [o.n.k.i.DiagnosticsManager]:  [loader.2] file:/System/Library/Java/Extensions/MRJToolkit.jar
2013-11-13 13:32:12.933+0000 INFO  [o.n.k.i.DiagnosticsManager]:  [loader.0] file:/Users/chrisfitzpatrick/.gem/jruby/1.9.3/gems/neo4j-community-1.9-java/lib/neo4j-community/jars/neo4j-cypher-1.9.jar
2013-11-13 13:32:12.933+0000 INFO  [o.n.k.i.DiagnosticsManager]:  [loader.0] file:/Users/chrisfitzpatrick/.gem/jruby/1.9.3/gems/torquebox-server-3.0.0-java/lib/torquebox-server.jar
2013-11-13 13:32:12.933+0000 INFO  [o.n.k.i.DiagnosticsManager]:  [loader.2] file:/System/Library/Java/Extensions/vecmath.jar
2013-11-13 13:32:12.933+0000 INFO  [o.n.k.i.DiagnosticsManager]:  [loader.2] file:/System/Library/Java/Extensions/libmlib_jai.jnilib
2013-11-13 13:32:12.933+0000 INFO  [o.n.k.i.DiagnosticsManager]:  [loader.0] file:/Users/chrisfitzpatrick/.gem/jruby/1.9.3/gems/torquebox-web-3.0.0-java/lib/torquebox-web.jar
2013-11-13 13:32:12.933+0000 INFO  [o.n.k.i.DiagnosticsManager]:  [loader.0] file:/Users/chrisfitzpatrick/.gem/jruby/1.9.3/gems/torquebox-messaging-3.0.0-java/lib/jboss-logging-3.1.2.GA.jar
2013-11-13 13:32:12.933+0000 INFO  [o.n.k.i.DiagnosticsManager]:  [loader.0] file:/Users/chrisfitzpatrick/.gem/jruby/1.9.3/gems/torquebox-naming-3.0.0-java/lib/torquebox-naming.jar
2013-11-13 13:32:12.933+0000 INFO  [o.n.k.i.DiagnosticsManager]:  [loader.0] file:/Users/chrisfitzpatrick/.rubies/jruby-1.7.4/lib/ruby/shared/kryptcore.jar
2013-11-13 13:32:12.933+0000 INFO  [o.n.k.i.DiagnosticsManager]:  [loader.0] file:/Users/chrisfitzpatrick/.gem/jruby/1.9.3/gems/neo4j-enterprise-1.9-java/lib/neo4j-enterprise/jars/zookeeper-3.3.2.jar
2013-11-13 13:32:12.934+0000 INFO  [o.n.k.i.DiagnosticsManager]:  [loader.0] file:/Users/chrisfitzpatrick/.gem/jruby/1.9.3/gems/torquebox-naming-3.0.0-java/lib/xnio-api-3.0.7.GA.jar
2013-11-13 13:32:12.934+0000 INFO  [o.n.k.i.DiagnosticsManager]:  [loader.0] file:/Users/chrisfitzpatrick/.gem/jruby/1.9.3/gems/neo4j-enterprise-1.9-java/lib/neo4j-enterprise/jars/logback-classic-0.9.30.jar
2013-11-13 13:32:12.934+0000 INFO  [o.n.k.i.DiagnosticsManager]:  [loader.0] file:/Users/chrisfitzpatrick/.gem/jruby/1.9.3/gems/neo4j-enterprise-1.9-java/lib/neo4j-enterprise/jars/neo4j-cluster-1.9.jar
2013-11-13 13:32:12.934+0000 INFO  [o.n.k.i.DiagnosticsManager]:  [loader.2] file:/System/Library/Java/JavaVirtualMachines/1.6.0.jdk/Contents/Home/lib/ext/dnsns.jar
2013-11-13 13:32:12.934+0000 INFO  [o.n.k.i.DiagnosticsManager]:  [loader.0] file:/Users/chrisfitzpatrick/.gem/jruby/1.9.3/gems/neo4j-community-1.9-java/lib/neo4j-community/jars/neo4j-graph-algo-1.9.jar
2013-11-13 13:32:12.934+0000 INFO  [o.n.k.i.DiagnosticsManager]:  [loader.0] file:/Users/chrisfitzpatrick/.gem/jruby/1.9.3/gems/neo4j-community-1.9-java/lib/neo4j-community/jars/neo4j-graph-matching-1.9.jar
2013-11-13 13:32:12.934+0000 INFO  [o.n.k.i.DiagnosticsManager]:  [loader.0] file:/Users/chrisfitzpatrick/.gem/jruby/1.9.3/gems/torquebox-messaging-3.0.0-java/lib/netty-3.6.2.Final.jar
2013-11-13 13:32:12.934+0000 INFO  [o.n.k.i.DiagnosticsManager]:  [loader.0] file:/Users/chrisfitzpatrick/.gem/jruby/1.9.3/gems/torquebox-naming-3.0.0-java/lib/jboss-logging-3.1.2.GA.jar
2013-11-13 13:32:12.934+0000 INFO  [o.n.k.i.DiagnosticsManager]:  [loader.0] file:/Users/chrisfitzpatrick/.rubies/jruby-1.7.4/lib/ruby/shared/kryptproviderjdk.jar
2013-11-13 13:32:12.934+0000 INFO  [o.n.k.i.DiagnosticsManager]:  [bootstrap] /System/Library/Java/JavaVirtualMachines/1.6.0.jdk/Contents/Classes/laf.jar
2013-11-13 13:32:12.934+0000 INFO  [o.n.k.i.DiagnosticsManager]:  [loader.0] file:/Users/chrisfitzpatrick/.gem/jruby/1.9.3/gems/torquebox-naming-3.0.0-java/lib/jboss-marshalling-1.3.16.GA.jar
2013-11-13 13:32:12.934+0000 INFO  [o.n.k.i.DiagnosticsManager]:  [loader.0] file:/Users/chrisfitzpatrick/.gem/jruby/1.9.3/gems/neo4j-community-1.9-java/lib/neo4j-community/jars/scala-library-2.10.0.jar
2013-11-13 13:32:12.934+0000 INFO  [o.n.k.i.DiagnosticsManager]:  [loader.2] file:/System/Library/Java/Extensions/libJ3D.jnilib
2013-11-13 13:32:12.934+0000 INFO  [o.n.k.i.DiagnosticsManager]:  [loader.0] file:/Users/chrisfitzpatrick/.gem/jruby/1.9.3/gems/neo4j-community-1.9-java/lib/neo4j-community/jars/neo4j-jmx-1.9.jar
2013-11-13 13:32:12.934+0000 INFO  [o.n.k.i.DiagnosticsManager]:  [loader.2] file:/System/Library/Java/Extensions/mlibwrapper_jai.jar
2013-11-13 13:32:12.934+0000 INFO  [o.n.k.i.DiagnosticsManager]:  [bootstrap] /System/Library/Java/JavaVirtualMachines/1.6.0.jdk/Contents/Classes/classes.jar
2013-11-13 13:32:12.934+0000 INFO  [o.n.k.i.DiagnosticsManager]:  [loader.2] file:/System/Library/Java/JavaVirtualMachines/1.6.0.jdk/Contents/Home/lib/ext/localedata.jar
2013-11-13 13:32:12.934+0000 INFO  [o.n.k.i.DiagnosticsManager]:  [loader.0] file:/Users/chrisfitzpatrick/.gem/jruby/1.9.3/gems/torquebox-messaging-3.0.0-java/lib/torquebox-messaging.jar
2013-11-13 13:32:12.934+0000 INFO  [o.n.k.i.DiagnosticsManager]:  [loader.0] file:/Users/chrisfitzpatrick/.gem/jruby/1.9.3/gems/neo4j-community-1.9-java/lib/neo4j-community/jars/org.apache.servicemix.bundles.jline-0.9.94_1.jar
2013-11-13 13:32:12.934+0000 INFO  [o.n.k.i.DiagnosticsManager]:  [loader.0] file:/Users/chrisfitzpatrick/.gem/jruby/1.9.3/gems/torquebox-messaging-3.0.0-java/lib/jboss-logmanager-1.4.0.Final.jar
2013-11-13 13:32:12.934+0000 INFO  [o.n.k.i.DiagnosticsManager]:  [loader.0] file:/Users/chrisfitzpatrick/.gem/jruby/1.9.3/gems/torquebox-messaging-3.0.0-java/lib/hornetq-commons-2.3.0.CR1.jar
2013-11-13 13:32:12.934+0000 INFO  [o.n.k.i.DiagnosticsManager]:  [loader.2] file:/System/Library/Java/Extensions/QTJava.zip
2013-11-13 13:32:12.934+0000 INFO  [o.n.k.i.DiagnosticsManager]:  [loader.0] file:/Users/chrisfitzpatrick/.gem/jruby/1.9.3/gems/torquebox-cache-3.0.0-java/lib/polyglot-cache-1.16.0.jar
2013-11-13 13:32:12.934+0000 INFO  [o.n.k.i.DiagnosticsManager]:  [loader.0] file:/Users/chrisfitzpatrick/.gem/jruby/1.9.3/gems/therubyrhino_jar-1.7.4/jar/rhino-1.7R4.jar
2013-11-13 13:32:12.934+0000 INFO  [o.n.k.i.DiagnosticsManager]:  [loader.0] file:/Users/chrisfitzpatrick/.gem/jruby/1.9.3/gems/neo4j-community-1.9-java/lib/neo4j-community/jars/server-api-1.9.jar
2013-11-13 13:32:12.934+0000 INFO  [o.n.k.i.DiagnosticsManager]:  [loader.0] file:/Users/chrisfitzpatrick/.gem/jruby/1.9.3/gems/torquebox-cache-3.0.0-java/lib/torquebox-cache.jar
2013-11-13 13:32:12.934+0000 INFO  [o.n.k.i.DiagnosticsManager]:  [loader.2] file:/System/Library/Java/Extensions/libJ3DAudio.jnilib
2013-11-13 13:32:12.934+0000 INFO  [o.n.k.i.DiagnosticsManager]:  [loader.2] file:/System/Library/Java/Extensions/libAppleScriptEngine.jnilib
2013-11-13 13:32:12.934+0000 INFO  [o.n.k.i.DiagnosticsManager]:  [loader.0] file:/Users/chrisfitzpatrick/.gem/jruby/1.9.3/gems/torquebox-naming-3.0.0-java/lib/jboss-remote-naming-1.0.5.Final.jar
2013-11-13 13:32:12.935+0000 INFO  [o.n.k.i.DiagnosticsManager]:  [bootstrap] /System/Library/Java/JavaVirtualMachines/1.6.0.jdk/Contents/Classes/ui.jar
2013-11-13 13:32:12.935+0000 INFO  [o.n.k.i.DiagnosticsManager]:  [loader.0] file:/Users/chrisfitzpatrick/.gem/jruby/1.9.3/gems/torquebox-core-3.0.0-java/lib/torquebox-core.jar
2013-11-13 13:32:12.935+0000 INFO  [o.n.k.i.DiagnosticsManager]:  [loader.0] file:/Users/chrisfitzpatrick/.gem/jruby/1.9.3/gems/neo4j-enterprise-1.9-java/lib/neo4j-enterprise/jars/logback-core-0.9.30.jar
2013-11-13 13:32:12.935+0000 INFO  [o.n.k.i.DiagnosticsManager]:  [loader.0] file:/Users/chrisfitzpatrick/.gem/jruby/1.9.3/gems/json-1.8.1-java/lib/json/ext/generator.jar
2013-11-13 13:32:12.935+0000 INFO  [o.n.k.i.DiagnosticsManager]:  [loader.2] file:/System/Library/Java/Extensions/j3daudio.jar
2013-11-13 13:32:12.935+0000 INFO  [o.n.k.i.DiagnosticsManager]:  [loader.0] file:/Users/chrisfitzpatrick/.gem/jruby/1.9.3/gems/torquebox-messaging-3.0.0-java/lib/hornetq-journal-2.3.0.CR1.jar
2013-11-13 13:32:12.935+0000 INFO  [o.n.k.i.DiagnosticsManager]:  [loader.2] file:/System/Library/Java/Extensions/libJ3DUtils.jnilib
2013-11-13 13:32:12.935+0000 INFO  [o.n.k.i.DiagnosticsManager]:  [loader.0] file:/Users/chrisfitzpatrick/.gem/jruby/1.9.3/gems/neo4j-enterprise-1.9-java/lib/neo4j-enterprise/jars/slf4j-api-1.6.2.jar
2013-11-13 13:32:12.935+0000 INFO  [o.n.k.i.DiagnosticsManager]:  [loader.2] file:/System/Library/Java/Extensions/libQTJNative.jnilib
2013-11-13 13:32:12.935+0000 INFO  [o.n.k.i.DiagnosticsManager]:  [loader.2] file:/System/Library/Java/Extensions/j3dcore.jar
2013-11-13 13:32:12.935+0000 INFO  [o.n.k.i.DiagnosticsManager]:  [loader.0] file:/Users/chrisfitzpatrick/.gem/jruby/1.9.3/gems/thread_safe-0.1.3-java/lib/thread_safe/jruby_cache_backend.jar
2013-11-13 13:32:12.935+0000 INFO  [o.n.k.i.DiagnosticsManager]:  [loader.0] file:/Users/chrisfitzpatrick/.gem/jruby/1.9.3/gems/neo4j-enterprise-1.9-java/lib/neo4j-enterprise/jars/neo4j-com-1.9.jar
2013-11-13 13:32:12.935+0000 INFO  [o.n.k.i.DiagnosticsManager]:  [loader.0] file:/Users/chrisfitzpatrick/.gem/jruby/1.9.3/gems/torquebox-naming-3.0.0-java/lib/xnio-nio-3.0.7.GA.jar
2013-11-13 13:32:12.935+0000 INFO  [o.n.k.i.DiagnosticsManager]:  [loader.0] file:/Users/chrisfitzpatrick/.gem/jruby/1.9.3/gems/neo4j-enterprise-1.9-java/lib/neo4j-enterprise/jars/neo4j-ha-1.9.jar
2013-11-13 13:32:12.935+0000 INFO  [o.n.k.i.DiagnosticsManager]:  [bootstrap] /System/Library/Java/JavaVirtualMachines/1.6.0.jdk/Contents/Classes/sunrsasign.jar
2013-11-13 13:32:12.935+0000 INFO  [o.n.k.i.DiagnosticsManager]:  [loader.0] file:/Users/chrisfitzpatrick/.gem/jruby/1.9.3/gems/neo4j-community-1.9-java/lib/neo4j-community/jars/lucene-core-3.6.2.jar
2013-11-13 13:32:12.935+0000 INFO  [o.n.k.i.DiagnosticsManager]:  [loader.0] file:/Users/chrisfitzpatrick/.gem/jruby/1.9.3/gems/neo4j-enterprise-1.9-java/lib/neo4j-enterprise/jars/log4j-1.2.16.jar
2013-11-13 13:32:12.935+0000 INFO  [o.n.k.i.DiagnosticsManager]:  [loader.2] file:/System/Library/Java/Extensions/j3dutils.jar
2013-11-13 13:32:12.935+0000 INFO  [o.n.k.i.DiagnosticsManager]:  [loader.2] file:/System/Library/Java/Extensions/jai_core.jar
2013-11-13 13:32:12.935+0000 INFO  [o.n.k.i.DiagnosticsManager]:  [loader.0] file:/Users/chrisfitzpatrick/.rubies/jruby-1.7.4/lib/ruby/shared/jopenssl.jar
2013-11-13 13:32:12.935+0000 INFO  [o.n.k.i.DiagnosticsManager]:  [loader.0] file:/Users/chrisfitzpatrick/.gem/jruby/1.9.3/gems/neo4j-enterprise-1.9-java/lib/neo4j-enterprise/jars/netty-3.6.3.Final.jar
2013-11-13 13:32:12.935+0000 INFO  [o.n.k.i.DiagnosticsManager]:  [loader.0] file:/Users/chrisfitzpatrick/.gem/jruby/1.9.3/gems/torquebox-messaging-3.0.0-java/lib/jboss-jms-api_1.1_spec-1.0.1.Final.jar
2013-11-13 13:32:12.935+0000 INFO  [o.n.k.i.DiagnosticsManager]:  [loader.2] file:/System/Library/Java/Extensions/jai_codec.jar
2013-11-13 13:32:12.935+0000 INFO  [o.n.k.i.DiagnosticsManager]:  [loader.0] file:/Users/chrisfitzpatrick/.rubies/jruby-1.7.4/lib/ruby/shared/bcprov-jdk15on-147.jar
2013-11-13 13:32:12.935+0000 INFO  [o.n.k.i.DiagnosticsManager]:  [loader.0] file:/Users/chrisfitzpatrick/.gem/jruby/1.9.3/gems/neo4j-community-1.9-java/lib/neo4j-community/jars/neo4j-shell-1.9.jar
2013-11-13 13:32:12.935+0000 INFO  [o.n.k.i.DiagnosticsManager]:  [loader.0] file:/Users/chrisfitzpatrick/.gem/jruby/1.9.3/gems/neo4j-enterprise-1.9-java/lib/neo4j-enterprise/jars/server-api-1.9.jar
2013-11-13 13:32:12.935+0000 INFO  [o.n.k.i.DiagnosticsManager]:  [loader.0] file:/Users/chrisfitzpatrick/.gem/jruby/1.9.3/gems/neo4j-community-1.9-java/lib/neo4j-community/jars/neo4j-lucene-index-1.9.jar
2013-11-13 13:32:12.935+0000 INFO  [o.n.k.i.DiagnosticsManager]:  [loader.0] file:/Users/chrisfitzpatrick/.gem/jruby/1.9.3/gems/neo4j-enterprise-1.9-java/lib/neo4j-enterprise/jars/neo4j-backup-1.9.jar
2013-11-13 13:32:12.935+0000 INFO  [o.n.k.i.DiagnosticsManager]:  [loader.0] file:/Users/chrisfitzpatrick/.gem/jruby/1.9.3/gems/neo4j-community-1.9-java/lib/neo4j-community/jars/concurrentlinkedhashmap-lru-1.3.1.jar
2013-11-13 13:32:12.935+0000 INFO  [o.n.k.i.DiagnosticsManager]:  [loader.0] file:/Users/chrisfitzpatrick/.gem/jruby/1.9.3/gems/neo4j-community-1.9-java/lib/neo4j-community/jars/geronimo-jta_1.1_spec-1.1.1.jar
2013-11-13 13:32:12.935+0000 INFO  [o.n.k.i.DiagnosticsManager]:  [loader.2] file:/System/Library/Java/JavaVirtualMachines/1.6.0.jdk/Contents/Home/lib/ext/sunjce_provider.jar
2013-11-13 13:32:12.935+0000 INFO  [o.n.k.i.DiagnosticsManager]:  [loader.0] file:/Users/chrisfitzpatrick/.gem/jruby/1.9.3/gems/json-1.8.1-java/lib/json/ext/parser.jar
2013-11-13 13:32:12.935+0000 INFO  [o.n.k.i.DiagnosticsManager]:  [loader.0] file:/Users/chrisfitzpatrick/.gem/jruby/1.9.3/gems/torquebox-naming-3.0.0-java/lib/jboss-ejb-client-1.0.0.Final.jar
2013-11-13 13:32:12.936+0000 INFO  [o.n.k.i.DiagnosticsManager]:  [loader.0] file:/Users/chrisfitzpatrick/.gem/jruby/1.9.3/gems/torquebox-messaging-3.0.0-java/lib/hornetq-core-client-2.3.0.CR1.jar
2013-11-13 13:32:12.936+0000 INFO  [o.n.k.i.DiagnosticsManager]:  [loader.0] file:/Users/chrisfitzpatrick/.gem/jruby/1.9.3/gems/neo4j-enterprise-1.9-java/lib/neo4j-enterprise/jars/neo4j-consistency-check-1.9.jar
2013-11-13 13:32:12.936+0000 INFO  [o.n.k.i.DiagnosticsManager]:  [loader.0] file:/Users/chrisfitzpatrick/.gem/jruby/1.9.3/gems/torquebox-messaging-3.0.0-java/lib/jboss-transaction-api_1.1_spec-1.0.1.Final.jar
2013-11-13 13:32:12.936+0000 INFO  [o.n.k.i.DiagnosticsManager]:  [loader.0] file:/Users/chrisfitzpatrick/.gem/jruby/1.9.3/gems/torquebox-naming-3.0.0-java/lib/jboss-remoting-3.2.14.GA.jar
2013-11-13 13:32:12.936+0000 INFO  [o.n.k.i.DiagnosticsManager]:  [bootstrap] /System/Library/Java/JavaVirtualMachines/1.6.0.jdk/Contents/Home/lib/jce.jar
2013-11-13 13:32:12.936+0000 INFO  [o.n.k.i.DiagnosticsManager]:  [loader.0] file:/Users/chrisfitzpatrick/.gem/jruby/1.9.3/gems/neo4j-advanced-1.9-java/lib/neo4j-advanced/jars/neo4j-management-1.9.jar
2013-11-13 13:32:12.936+0000 INFO  [o.n.k.i.DiagnosticsManager]:  [bootstrap] /System/Library/Java/JavaVirtualMachines/1.6.0.jdk/Contents/Classes/jsse.jar
2013-11-13 13:32:12.936+0000 INFO  [o.n.k.i.DiagnosticsManager]:  [loader.0] file:/Users/chrisfitzpatrick/.gem/jruby/1.9.3/gems/torquebox-messaging-3.0.0-java/lib/hornetq-jms-client-2.3.0.CR1.jar
2013-11-13 13:32:12.936+0000 INFO  [o.n.k.i.DiagnosticsManager]:  [bootstrap] /Users/chrisfitzpatrick/.rubies/jruby-1.7.4/lib/jruby.jar
2013-11-13 13:32:12.936+0000 INFO  [o.n.k.i.DiagnosticsManager]:  [loader.2] file:/System/Library/Java/Extensions/AppleScriptEngine.jar
2013-11-13 13:32:12.936+0000 INFO  [o.n.k.i.DiagnosticsManager]:  [loader.0] file:/Users/chrisfitzpatrick/.gem/jruby/1.9.3/gems/neo4j-core-2.3.0-java/lib/neo4j-core/jars/neo4jrb-adaptor.jar
2013-11-13 13:32:12.936+0000 INFO  [o.n.k.i.DiagnosticsManager]:  [loader.0] file:/Users/chrisfitzpatrick/.gem/jruby/1.9.3/gems/torquebox-naming-3.0.0-java/lib/jboss-marshalling-river-1.3.16.GA.jar
2013-11-13 13:32:12.936+0000 INFO  [o.n.k.i.DiagnosticsManager]:  [loader.2] file:/System/Library/Java/JavaVirtualMachines/1.6.0.jdk/Contents/Home/lib/ext/apple_provider.jar
2013-11-13 13:32:12.936+0000 INFO  [o.n.k.i.DiagnosticsManager]:  [bootstrap] /System/Library/Java/JavaVirtualMachines/1.6.0.jdk/Contents/Classes/jsfd.jar
2013-11-13 13:32:12.936+0000 INFO  [o.n.k.i.DiagnosticsManager]:  [loader.1] file:/Users/chrisfitzpatrick/Desktop/neo4j/myapp/
2013-11-13 13:32:12.936+0000 INFO  [o.n.k.i.DiagnosticsManager]:  [loader.2] file:/System/Library/Java/JavaVirtualMachines/1.6.0.jdk/Contents/Home/lib/ext/sunpkcs11.jar
2013-11-13 13:32:12.936+0000 INFO  [o.n.k.i.DiagnosticsManager]: Library path:
2013-11-13 13:32:12.936+0000 INFO  [o.n.k.i.DiagnosticsManager]: /Users/chrisfitzpatrick/Desktop/neo4j/myapp
2013-11-13 13:32:12.936+0000 INFO  [o.n.k.i.DiagnosticsManager]: /Library/Java/Extensions
2013-11-13 13:32:12.936+0000 INFO  [o.n.k.i.DiagnosticsManager]: /System/Library/Java/Extensions
2013-11-13 13:32:12.936+0000 INFO  [o.n.k.i.DiagnosticsManager]: /usr/lib/java
2013-11-13 13:32:12.936+0000 INFO  [o.n.k.i.DiagnosticsManager]: System.properties:
2013-11-13 13:32:12.937+0000 INFO  [o.n.k.i.DiagnosticsManager]: jruby.home = /Users/chrisfitzpatrick/.rubies/jruby-1.7.4
2013-11-13 13:32:12.937+0000 INFO  [o.n.k.i.DiagnosticsManager]: sun.boot.library.path = /System/Library/Java/JavaVirtualMachines/1.6.0.jdk/Contents/Libraries
2013-11-13 13:32:12.937+0000 INFO  [o.n.k.i.DiagnosticsManager]: awt.nativeDoubleBuffering = true
2013-11-13 13:32:12.937+0000 INFO  [o.n.k.i.DiagnosticsManager]: gopherProxySet = false
2013-11-13 13:32:12.937+0000 INFO  [o.n.k.i.DiagnosticsManager]: mrj.build = 11M4609
2013-11-13 13:32:12.937+0000 INFO  [o.n.k.i.DiagnosticsManager]: path.separator = :
2013-11-13 13:32:12.937+0000 INFO  [o.n.k.i.DiagnosticsManager]: file.encoding.pkg = sun.io
2013-11-13 13:32:12.937+0000 INFO  [o.n.k.i.DiagnosticsManager]: sun.java.launcher = SUN_STANDARD
2013-11-13 13:32:12.937+0000 INFO  [o.n.k.i.DiagnosticsManager]: user.country = US
2013-11-13 13:32:12.937+0000 INFO  [o.n.k.i.DiagnosticsManager]: sun.os.patch.level = unknown
2013-11-13 13:32:12.937+0000 INFO  [o.n.k.i.DiagnosticsManager]: user.dir = /Users/chrisfitzpatrick/Desktop/neo4j/myapp
2013-11-13 13:32:12.937+0000 INFO  [o.n.k.i.DiagnosticsManager]: neo4j.ext.udc.source = neo4rb
2013-11-13 13:32:12.937+0000 INFO  [o.n.k.i.DiagnosticsManager]: sun.jnu.encoding = MacRoman
2013-11-13 13:32:12.937+0000 INFO  [o.n.k.i.DiagnosticsManager]: sun.management.compiler = HotSpot 64-Bit Tiered Compilers
2013-11-13 13:32:12.937+0000 INFO  [o.n.k.i.DiagnosticsManager]: http.nonProxyHosts = local|*.local|169.254/16|*.169.254/16
2013-11-13 13:32:12.937+0000 INFO  [o.n.k.i.DiagnosticsManager]: jffi.boot.library.path = /Users/chrisfitzpatrick/.rubies/jruby-1.7.4/lib/native/Darwin
2013-11-13 13:32:12.937+0000 INFO  [o.n.k.i.DiagnosticsManager]: user.home = /Users/chrisfitzpatrick
2013-11-13 13:32:12.937+0000 INFO  [o.n.k.i.DiagnosticsManager]: user.timezone = Europe/Stockholm
2013-11-13 13:32:12.937+0000 INFO  [o.n.k.i.DiagnosticsManager]: file.encoding = UTF-8
2013-11-13 13:32:12.937+0000 INFO  [o.n.k.i.DiagnosticsManager]: jruby.script = jruby
2013-11-13 13:32:12.937+0000 INFO  [o.n.k.i.DiagnosticsManager]: user.name = chrisfitzpatrick
2013-11-13 13:32:12.937+0000 INFO  [o.n.k.i.DiagnosticsManager]: jruby.shell = /bin/sh
2013-11-13 13:32:12.937+0000 INFO  [o.n.k.i.DiagnosticsManager]: sun.java.command = org.jruby.Main bin/rails s
2013-11-13 13:32:12.937+0000 INFO  [o.n.k.i.DiagnosticsManager]: sun.arch.data.model = 64
2013-11-13 13:32:12.937+0000 INFO  [o.n.k.i.DiagnosticsManager]: user.language = en
2013-11-13 13:32:12.937+0000 INFO  [o.n.k.i.DiagnosticsManager]: awt.toolkit = apple.awt.CToolkit
2013-11-13 13:32:12.937+0000 INFO  [o.n.k.i.DiagnosticsManager]: file.separator = /
2013-11-13 13:32:12.937+0000 INFO  [o.n.k.i.DiagnosticsManager]: sun.io.unicode.encoding = UnicodeLittle
2013-11-13 13:32:12.938+0000 INFO  [o.n.k.i.DiagnosticsManager]: sun.cpu.endian = little
2013-11-13 13:32:12.938+0000 INFO  [o.n.k.i.DiagnosticsManager]: mrj.version = 1070.1.6.0_65-462
2013-11-13 13:32:12.938+0000 INFO  [o.n.k.i.DiagnosticsManager]: jruby.lib = /Users/chrisfitzpatrick/.rubies/jruby-1.7.4/lib
2013-11-13 13:32:12.938+0000 INFO  [o.n.k.i.DiagnosticsManager]: socksNonProxyHosts = local|*.local|169.254/16|*.169.254/16
2013-11-13 13:32:12.938+0000 INFO  [o.n.k.i.DiagnosticsManager]: ftp.nonProxyHosts = local|*.local|169.254/16|*.169.254/16
2013-11-13 13:32:12.938+0000 INFO  [o.n.k.i.DiagnosticsManager]: sun.cpu.isalist = 
2013-11-13 13:32:12.938+0000 INFO  [o.n.k.i.DiagnosticsManager]: Network information:
2013-11-13 13:32:12.940+0000 INFO  [o.n.k.i.DiagnosticsManager]: Interface en0:
2013-11-13 13:32:12.941+0000 INFO  [o.n.k.i.DiagnosticsManager]:     address: fe80:0:0:0:1240:f3ff:fe82:d758%4
2013-11-13 13:32:12.941+0000 INFO  [o.n.k.i.DiagnosticsManager]:     address: 10.2.2.215
2013-11-13 13:32:12.941+0000 INFO  [o.n.k.i.DiagnosticsManager]: Interface lo0:
2013-11-13 13:32:12.941+0000 INFO  [o.n.k.i.DiagnosticsManager]:     address: fe80:0:0:0:0:0:0:1%1
2013-11-13 13:32:12.941+0000 INFO  [o.n.k.i.DiagnosticsManager]:     address: 0:0:0:0:0:0:0:1
2013-11-13 13:32:12.941+0000 INFO  [o.n.k.i.DiagnosticsManager]:     address: 127.0.0.1
2013-11-13 13:32:12.941+0000 INFO  [o.n.k.i.DiagnosticsManager]: High Availability diagnostics
Member state:PENDING
State machines:
   AtomicBroadcastMessage:start
   AcceptorMessage:start
   ProposerMessage:start
   LearnerMessage:start
   HeartbeatMessage:start
   ElectionMessage:start
   SnapshotMessage:start
   ClusterMessage:start
Current timeouts:

2013-11-13 13:32:12.941+0000 INFO  [o.n.k.i.DiagnosticsManager]: --- INITIALIZED diagnostics END ---
2013-11-13 13:32:13.402+0000 INFO  [o.n.k.i.n.s.StoreFactory]: Creating new db @ /Users/chrisfitzpatrick/Desktop/neo4j/myapp/db/ha_neo_1/neostore
2013-11-13 13:32:13.436+0000 INFO  [o.n.k.i.n.s.StoreFactory]: [/Users/chrisfitzpatrick/Desktop/neo4j/myapp/db/ha_neo_1/neostore.nodestore.db] brickCount=0 brickSize=1090512b mappedMem=109051904b (storeSize=0b)
2013-11-13 13:32:13.442+0000 INFO  [o.n.k.i.n.s.StoreFactory]: /Users/chrisfitzpatrick/Desktop/neo4j/myapp/db/ha_neo_1/neostore.nodestore.db hit=1 miss=0 switches=0 ooe=0
2013-11-13 13:32:13.457+0000 INFO  [o.n.k.i.n.s.StoreFactory]: [/Users/chrisfitzpatrick/Desktop/neo4j/myapp/db/ha_neo_1/neostore.relationshiptypestore.db.names] brickCount=0 brickSize=0b mappedMem=0b (storeSize=38b)
2013-11-13 13:32:13.464+0000 INFO  [o.n.k.i.n.s.StoreFactory]: [/Users/chrisfitzpatrick/Desktop/neo4j/myapp/db/ha_neo_1/neostore.relationshiptypestore.db] brickCount=0 brickSize=0b mappedMem=0b (storeSize=0b)
2013-11-13 13:32:13.464+0000 INFO  [o.n.k.i.n.s.StoreFactory]: /Users/chrisfitzpatrick/Desktop/neo4j/myapp/db/ha_neo_1/neostore.relationshiptypestore.db.names hit=0 miss=0 switches=0 ooe=0
2013-11-13 13:32:13.464+0000 INFO  [o.n.k.i.n.s.StoreFactory]: /Users/chrisfitzpatrick/Desktop/neo4j/myapp/db/ha_neo_1/neostore.relationshiptypestore.db hit=0 miss=0 switches=0 ooe=0
2013-11-13 13:32:13.465+0000 INFO  [o.n.k.i.n.s.StoreFactory]: [/Users/chrisfitzpatrick/Desktop/neo4j/myapp/db/ha_neo_1/neostore.relationshiptypestore.db.names] brickCount=0 brickSize=0b mappedMem=0b (storeSize=38b)
2013-11-13 13:32:13.466+0000 INFO  [o.n.k.i.n.s.StoreFactory]: [/Users/chrisfitzpatrick/Desktop/neo4j/myapp/db/ha_neo_1/neostore.relationshiptypestore.db] brickCount=0 brickSize=0b mappedMem=0b (storeSize=0b)
2013-11-13 13:32:13.466+0000 INFO  [o.n.k.i.n.s.StoreFactory]: [/Users/chrisfitzpatrick/Desktop/neo4j/myapp/db/ha_neo_1/neostore.propertystore.db.strings] brickCount=0 brickSize=333440b mappedMem=333447168b (storeSize=128b)
2013-11-13 13:32:13.467+0000 INFO  [o.n.k.i.n.s.StoreFactory]: [/Users/chrisfitzpatrick/Desktop/neo4j/myapp/db/ha_neo_1/neostore.propertystore.db.index.keys] brickCount=0 brickSize=0b mappedMem=0b (storeSize=38b)
2013-11-13 13:32:13.469+0000 INFO  [o.n.k.i.n.s.StoreFactory]: [/Users/chrisfitzpatrick/Desktop/neo4j/myapp/db/ha_neo_1/neostore.propertystore.db.index] brickCount=0 brickSize=0b mappedMem=0b (storeSize=0b)
2013-11-13 13:32:13.471+0000 INFO  [o.n.k.i.n.s.StoreFactory]: [/Users/chrisfitzpatrick/Desktop/neo4j/myapp/db/ha_neo_1/neostore.propertystore.db.arrays] brickCount=0 brickSize=378496b mappedMem=378535936b (storeSize=128b)
2013-11-13 13:32:13.476+0000 INFO  [o.n.k.i.n.s.StoreFactory]: [/Users/chrisfitzpatrick/Desktop/neo4j/myapp/db/ha_neo_1/neostore.propertystore.db] brickCount=0 brickSize=3932146b mappedMem=393216000b (storeSize=0b)
2013-11-13 13:32:13.479+0000 INFO  [o.n.k.i.n.s.StoreFactory]: [/Users/chrisfitzpatrick/Desktop/neo4j/myapp/db/ha_neo_1/neostore.relationshipstore.db] brickCount=0 brickSize=4812951b mappedMem=481296384b (storeSize=0b)
2013-11-13 13:32:13.480+0000 INFO  [o.n.k.i.n.s.StoreFactory]: [/Users/chrisfitzpatrick/Desktop/neo4j/myapp/db/ha_neo_1/neostore.nodestore.db] brickCount=0 brickSize=109044b mappedMem=109051904b (storeSize=9b)
2013-11-13 13:32:13.480+0000 INFO  [o.n.k.i.n.s.StoreFactory]: [/Users/chrisfitzpatrick/Desktop/neo4j/myapp/db/ha_neo_1/neostore] brickCount=0 brickSize=0b mappedMem=0b (storeSize=0b)
2013-11-13 13:32:13.487+0000 INFO  [o.n.k.i.n.s.StoreFactory]: /Users/chrisfitzpatrick/Desktop/neo4j/myapp/db/ha_neo_1/neostore.relationshiptypestore.db.names hit=0 miss=0 switches=0 ooe=0
2013-11-13 13:32:13.488+0000 INFO  [o.n.k.i.n.s.StoreFactory]: /Users/chrisfitzpatrick/Desktop/neo4j/myapp/db/ha_neo_1/neostore.relationshiptypestore.db hit=0 miss=0 switches=0 ooe=0
2013-11-13 13:32:13.489+0000 INFO  [o.n.k.i.n.s.StoreFactory]: /Users/chrisfitzpatrick/Desktop/neo4j/myapp/db/ha_neo_1/neostore.propertystore.db.strings hit=0 miss=0 switches=0 ooe=0
2013-11-13 13:32:13.489+0000 INFO  [o.n.k.i.n.s.StoreFactory]: /Users/chrisfitzpatrick/Desktop/neo4j/myapp/db/ha_neo_1/neostore.propertystore.db.index.keys hit=0 miss=0 switches=0 ooe=0
2013-11-13 13:32:13.490+0000 INFO  [o.n.k.i.n.s.StoreFactory]: /Users/chrisfitzpatrick/Desktop/neo4j/myapp/db/ha_neo_1/neostore.propertystore.db.index hit=0 miss=0 switches=0 ooe=0
2013-11-13 13:32:13.491+0000 INFO  [o.n.k.i.n.s.StoreFactory]: /Users/chrisfitzpatrick/Desktop/neo4j/myapp/db/ha_neo_1/neostore.propertystore.db.arrays hit=0 miss=0 switches=0 ooe=0
2013-11-13 13:32:13.491+0000 INFO  [o.n.k.i.n.s.StoreFactory]: /Users/chrisfitzpatrick/Desktop/neo4j/myapp/db/ha_neo_1/neostore.propertystore.db hit=0 miss=0 switches=0 ooe=0
2013-11-13 13:32:13.492+0000 INFO  [o.n.k.i.n.s.StoreFactory]: /Users/chrisfitzpatrick/Desktop/neo4j/myapp/db/ha_neo_1/neostore.relationshipstore.db hit=0 miss=0 switches=0 ooe=0
2013-11-13 13:32:13.492+0000 INFO  [o.n.k.i.n.s.StoreFactory]: /Users/chrisfitzpatrick/Desktop/neo4j/myapp/db/ha_neo_1/neostore.nodestore.db hit=0 miss=0 switches=0 ooe=0
2013-11-13 13:32:13.493+0000 INFO  [o.n.k.i.n.s.StoreFactory]: /Users/chrisfitzpatrick/Desktop/neo4j/myapp/db/ha_neo_1/neostore hit=0 miss=8 switches=0 ooe=0
2013-11-13 13:32:13.498+0000 INFO  [o.n.k.i.n.s.StoreFactory]: [/Users/chrisfitzpatrick/Desktop/neo4j/myapp/db/ha_neo_1/neostore.relationshiptypestore.db.names] brickCount=0 brickSize=0b mappedMem=0b (storeSize=38b)
2013-11-13 13:32:13.498+0000 INFO  [o.n.k.i.n.s.StoreFactory]: [/Users/chrisfitzpatrick/Desktop/neo4j/myapp/db/ha_neo_1/neostore.relationshiptypestore.db] brickCount=0 brickSize=0b mappedMem=0b (storeSize=0b)
2013-11-13 13:32:13.499+0000 INFO  [o.n.k.i.n.s.StoreFactory]: [/Users/chrisfitzpatrick/Desktop/neo4j/myapp/db/ha_neo_1/neostore.propertystore.db.strings] brickCount=0 brickSize=333440b mappedMem=333447168b (storeSize=128b)
2013-11-13 13:32:13.500+0000 INFO  [o.n.k.i.n.s.StoreFactory]: [/Users/chrisfitzpatrick/Desktop/neo4j/myapp/db/ha_neo_1/neostore.propertystore.db.index.keys] brickCount=0 brickSize=0b mappedMem=0b (storeSize=38b)
2013-11-13 13:32:13.501+0000 INFO  [o.n.k.i.n.s.StoreFactory]: [/Users/chrisfitzpatrick/Desktop/neo4j/myapp/db/ha_neo_1/neostore.propertystore.db.index] brickCount=0 brickSize=0b mappedMem=0b (storeSize=0b)
2013-11-13 13:32:13.501+0000 INFO  [o.n.k.i.n.s.StoreFactory]: [/Users/chrisfitzpatrick/Desktop/neo4j/myapp/db/ha_neo_1/neostore.propertystore.db.arrays] brickCount=0 brickSize=378496b mappedMem=378535936b (storeSize=128b)
2013-11-13 13:32:13.502+0000 INFO  [o.n.k.i.n.s.StoreFactory]: [/Users/chrisfitzpatrick/Desktop/neo4j/myapp/db/ha_neo_1/neostore.propertystore.db] brickCount=0 brickSize=3932146b mappedMem=393216000b (storeSize=0b)
2013-11-13 13:32:13.503+0000 INFO  [o.n.k.i.n.s.StoreFactory]: [/Users/chrisfitzpatrick/Desktop/neo4j/myapp/db/ha_neo_1/neostore.relationshipstore.db] brickCount=0 brickSize=4812951b mappedMem=481296384b (storeSize=0b)
2013-11-13 13:32:13.503+0000 INFO  [o.n.k.i.n.s.StoreFactory]: [/Users/chrisfitzpatrick/Desktop/neo4j/myapp/db/ha_neo_1/neostore.nodestore.db] brickCount=0 brickSize=109044b mappedMem=109051904b (storeSize=9b)
2013-11-13 13:32:13.504+0000 INFO  [o.n.k.i.n.s.StoreFactory]: [/Users/chrisfitzpatrick/Desktop/neo4j/myapp/db/ha_neo_1/neostore] brickCount=0 brickSize=0b mappedMem=0b (storeSize=54b)
2013-11-13 13:32:13.541+0000 INFO  [o.n.k.i.t.x.XaLogicalLog]: Opened logical log [/Users/chrisfitzpatrick/Desktop/neo4j/myapp/db/ha_neo_1/nioneo_logical.log.1] version=0, lastTxId=1 (clean)
2013-11-13 13:32:13.551+0000 INFO  [o.n.k.i.t.TxManager]: TM new log: tm_tx_log.1
2013-11-13 13:32:13.623+0000 INFO  [o.n.k.i.t.x.XaLogicalLog]: Opened logical log [/Users/chrisfitzpatrick/Desktop/neo4j/myapp/db/ha_neo_1/index/lucene.log.1] version=0, lastTxId=1 (clean)
2013-11-13 13:32:13.631+0000 INFO  [o.n.k.h.HighlyAvailableGraphDatabase]: Started - database is now available
2013-11-13 13:32:13.632+0000 INFO  [o.n.k.h.HighlyAvailableGraphDatabase]: GC Monitor started. 
2013-11-13 13:32:13.768+0000 INFO  [o.n.c.m.p.PaxosClusterMemberAvailability]: Listening at:cluster://127.0.0.1:5001
2013-11-13 13:32:13.787+0000 INFO  [o.n.c.c.ClusterJoin]: Attempting to join cluster of [localhost:5001, localhost:5002, localhost:5003]
2013-11-13 13:32:13.830+0000 INFO  [o.n.c.c.NetworkInstance]: cluster://127.0.0.1:5001 opened a new channel to localhost/127.0.0.1:5001
